app/build/outputs/logs/manifest-merger-debug-report.txt
-- Merging decision tree log ---
manifest
ADDED from src/main/AndroidManifest.xml:2:1-85:12
	package
		ADDED from src/main/AndroidManifest.xml:3:5-31
		INJECTED from src/main/AndroidManifest.xml
		INJECTED from src/main/AndroidManifest.xml
	android:versionName
		ADDED from src/main/AndroidManifest.xml:5:5-32
		INJECTED from src/main/AndroidManifest.xml
		INJECTED from src/main/AndroidManifest.xml
	android:versionCode
		ADDED from src/main/AndroidManifest.xml:4:5-28
		INJECTED from src/main/AndroidManifest.xml
		INJECTED from src/main/AndroidManifest.xml
	xmlns:android
		ADDED from src/main/AndroidManifest.xml:2:11-69
uses-sdk
ADDED from src/main/AndroidManifest.xml:7:5-9:41
MERGED from [com.android.support:support-v4:21.0.3] AndroidManifest.xml:15:5-42
	android:targetSdkVersion
		ADDED from src/main/AndroidManifest.xml:9:9-38
		INJECTED from src/main/AndroidManifest.xml
		INJECTED from src/main/AndroidManifest.xml
	android:minSdkVersion
		ADDED from src/main/AndroidManifest.xml:8:9-35
		INJECTED from src/main/AndroidManifest.xml
		INJECTED from src/main/AndroidManifest.xml
uses-permission#android.permission.WAKE_LOCK
ADDED from src/main/AndroidManifest.xml:11:5-68
	android:name
		ADDED from src/main/AndroidManifest.xml:11:22-65
uses-permission#android.permission.WRITE_EXTERNAL_STORAGE
ADDED from src/main/AndroidManifest.xml:12:5-81
	android:name
		ADDED from src/main/AndroidManifest.xml:12:22-78
uses-permission#android.permission.READ_EXTERNAL_STORAGE
ADDED from src/main/AndroidManifest.xml:16:5-80
	android:name
		ADDED from src/main/AndroidManifest.xml:16:22-77
uses-permission#android.permission.MOUNT_UNMOUNT_FILESYSTEMS
ADDED from src/main/AndroidManifest.xml:17:5-84
	android:name
		ADDED from src/main/AndroidManifest.xml:17:22-81
application
ADDED from src/main/AndroidManifest.xml:19:5-83:19
MERGED from [com.android.support:support-v4:21.0.3] AndroidManifest.xml:16:5-19
	android:label
		ADDED from src/main/AndroidManifest.xml:22:9-41
	android:allowBackup
		ADDED from src/main/AndroidManifest.xml:20:9-35
	android:icon
		ADDED from src/main/AndroidManifest.xml:21:9-45
	android:theme
		ADDED from src/main/AndroidManifest.xml:23:9-40
activity#com.elena.sdplay.MainActivity
ADDED from src/main/AndroidManifest.xml:24:9-33:20
	android:label
		ADDED from src/main/AndroidManifest.xml:27:13-45
	android:configChanges
		ADDED from src/main/AndroidManifest.xml:26:13-48
	android:name
		ADDED from src/main/AndroidManifest.xml:25:13-57
intent-filter#android.intent.action.MAIN+android.intent.category.LAUNCHER
ADDED from src/main/AndroidManifest.xml:28:13-32:29
action#android.intent.action.MAIN
ADDED from src/main/AndroidManifest.xml:29:17-69
	android:name
		ADDED from src/main/AndroidManifest.xml:29:25-66
category#android.intent.category.LAUNCHER
ADDED from src/main/AndroidManifest.xml:31:17-77
	android:name
		ADDED from src/main/AndroidManifest.xml:31:27-74
activity#com.elena.sdplay.BenchStart
ADDED from src/main/AndroidManifest.xml:34:9-43:20
	android:screenOrientation
		ADDED from src/main/AndroidManifest.xml:39:13-49
	android:label
		ADDED from src/main/AndroidManifest.xml:38:13-63
	android:exported
		ADDED from src/main/AndroidManifest.xml:36:13-36
	android:configChanges
		ADDED from src/main/AndroidManifest.xml:37:13-48
	android:name
		ADDED from src/main/AndroidManifest.xml:35:13-55
intent-filter#android.intent.category.LAUNCHER
ADDED from src/main/AndroidManifest.xml:40:13-42:29
activity#com.elena.sdplay.SettingsFragment
ADDED from src/main/AndroidManifest.xml:44:9-48:20
	android:label
		ADDED from src/main/AndroidManifest.xml:47:13-69
	android:configChanges
		ADDED from src/main/AndroidManifest.xml:46:13-48
	android:name
		ADDED from src/main/AndroidManifest.xml:45:13-61
activity#com.elena.sdplay.SetPreferences
ADDED from src/main/AndroidManifest.xml:49:9-53:20
	android:label
		ADDED from src/main/AndroidManifest.xml:52:13-67
	android:configChanges
		ADDED from src/main/AndroidManifest.xml:51:13-48
	android:name
		ADDED from src/main/AndroidManifest.xml:50:13-59
activity#com.elena.sdplay.MyResDBHelper
ADDED from src/main/AndroidManifest.xml:54:9-57:20
	android:label
		ADDED from src/main/AndroidManifest.xml:56:13-67
	android:name
		ADDED from src/main/AndroidManifest.xml:55:13-58
activity#com.elena.sdplay.TopResults
ADDED from src/main/AndroidManifest.xml:58:9-63:20
	android:screenOrientation
		ADDED from src/main/AndroidManifest.xml:62:13-50
	android:label
		ADDED from src/main/AndroidManifest.xml:61:13-63
	android:configChanges
		ADDED from src/main/AndroidManifest.xml:60:13-48
	android:name
		ADDED from src/main/AndroidManifest.xml:59:13-55
receiver#com.elena.sdplay.SDCardStateChangeListener
ADDED from src/main/AndroidManifest.xml:65:9-69:20
	android:enabled
		ADDED from src/main/AndroidManifest.xml:67:13-35
	android:exported
		ADDED from src/main/AndroidManifest.xml:68:13-36
	android:name
		ADDED from src/main/AndroidManifest.xml:66:13-70
activity#com.elena.sdplay.ShowTopFsRes
ADDED from src/main/AndroidManifest.xml:71:9-76:20
	android:screenOrientation
		ADDED from src/main/AndroidManifest.xml:75:13-50
	android:label
		ADDED from src/main/AndroidManifest.xml:74:13-67
	android:configChanges
		ADDED from src/main/AndroidManifest.xml:73:13-48
	android:name
		ADDED from src/main/AndroidManifest.xml:72:13-57
activity#com.elena.sdplay.SummaryView
ADDED from src/main/AndroidManifest.xml:77:9-82:20
	android:screenOrientation
		ADDED from src/main/AndroidManifest.xml:81:13-50
	android:label
		ADDED from src/main/AndroidManifest.xml:80:13-64
	android:configChanges
		ADDED from src/main/AndroidManifest.xml:79:13-48
	android:name
		ADDED from src/main/AndroidManifest.xml:78:13-56